\BOOKMARK [1][-]{section*.1}{}{}% 1
\BOOKMARK [1][-]{section.1}{\376\377\000I\000n\000t\000r\000o\000d\000u\000c\000c\000i\000\363\000n}{}% 2
\BOOKMARK [1][-]{section.2}{\376\377\000D\000o\000c\000u\000m\000e\000n\000t\000a\000c\000i\000\363\000n\000\040\000d\000e\000\040\000l\000a\000\040\000I\000m\000p\000l\000e\000m\000e\000n\000t\000a\000c\000i\000\363\000n\000\040\000E\000s\000t\000u\000d\000i\000a\000n\000t\000e\000\040\000-\000\040\000P\000r\000o\000f\000e\000s\000i\000\363\000n}{}% 3
\BOOKMARK [2][-]{subsection.2.1}{\376\377\000C\000r\000e\000a\000c\000i\000\363\000n\000\040\000d\000e\000l\000\040\000P\000r\000o\000y\000e\000c\000t\000o}{section.2}% 4
\BOOKMARK [2][-]{subsection.2.2}{\376\377\000C\000r\000e\000a\000c\000i\000\363\000n\000\040\000d\000e\000\040\000l\000a\000\040\000i\000n\000t\000e\000r\000f\000a\000z\000\040\000c\000o\000n\000\040\000J\000F\000r\000a\000m\000e\000\040\000F\000o\000r\000m}{section.2}% 5
\BOOKMARK [2][-]{subsection.2.3}{\376\377\000G\000e\000n\000e\000r\000a\000c\000i\000\363\000n\000\040\000d\000e\000\040\000l\000a\000\040\000i\000n\000t\000e\000r\000f\000a\000z}{section.2}% 6
\BOOKMARK [2][-]{subsection.2.4}{\376\377\000B\000o\000t\000\363\000n\000\040\000d\000e\000\040\000a\000g\000r\000e\000g\000a\000r}{section.2}% 7
\BOOKMARK [2][-]{subsection.2.5}{\376\377\000B\000o\000t\000\363\000n\000\040\000d\000e\000\040\000b\000u\000s\000c\000a\000r}{section.2}% 8
\BOOKMARK [2][-]{subsection.2.6}{\376\377\000B\000o\000t\000\363\000n\000\040\000d\000e\000\040\000m\000o\000s\000t\000r\000a\000r}{section.2}% 9
\BOOKMARK [2][-]{subsection.2.7}{\376\377\000A\000g\000r\000e\000g\000a\000r\000\040\000d\000a\000t\000o\000s}{section.2}% 10
\BOOKMARK [2][-]{subsection.2.8}{\376\377\000M\000u\000e\000s\000t\000r\000a\000\040\000d\000e\000\040\0002\0000\000\040\000R\000e\000g\000i\000s\000t\000r\000o\000s}{section.2}% 11
\BOOKMARK [2][-]{subsection.2.9}{\376\377\000M\000u\000e\000s\000t\000r\000a\000\040\000d\000e\000\040\0003\000\040\000b\000\372\000s\000q\000u\000e\000d\000a\000s}{section.2}% 12
\BOOKMARK [1][-]{section.3}{\376\377\000D\000o\000c\000u\000m\000e\000n\000t\000a\000c\000i\000\363\000n\000\040\000d\000e\000\040\000l\000a\000\040\000I\000m\000p\000l\000e\000m\000e\000n\000t\000a\000c\000i\000\363\000n\000\040\000C\000l\000i\000e\000n\000t\000e\000\040\000-\000\040\000C\000i\000u\000d\000a\000d}{}% 13
\BOOKMARK [2][-]{subsection.3.1}{\376\377\000G\000e\000n\000e\000r\000a\000c\000i\000\363\000n\000\040\000d\000e\000\040\000l\000a\000\040\000i\000n\000t\000e\000r\000f\000a\000z}{section.3}% 14
\BOOKMARK [2][-]{subsection.3.2}{\376\377\000B\000o\000t\000\363\000n\000\040\000d\000e\000\040\000a\000g\000r\000e\000g\000a\000r}{section.3}% 15
\BOOKMARK [2][-]{subsection.3.3}{\376\377\000B\000o\000t\000\363\000n\000\040\000d\000e\000\040\000b\000u\000s\000c\000a\000r}{section.3}% 16
\BOOKMARK [2][-]{subsection.3.4}{\376\377\000B\000o\000t\000\363\000n\000\040\000d\000e\000\040\000m\000o\000s\000t\000r\000a\000r}{section.3}% 17
\BOOKMARK [2][-]{subsection.3.5}{\376\377\000A\000g\000r\000e\000g\000a\000r\000\040\000d\000a\000t\000o\000s}{section.3}% 18
\BOOKMARK [2][-]{subsection.3.6}{\376\377\000M\000u\000e\000s\000t\000r\000a\000\040\000d\000e\000\040\0002\0000\000\040\000R\000e\000g\000i\000s\000t\000r\000o\000s}{section.3}% 19
\BOOKMARK [2][-]{subsection.3.7}{\376\377\000M\000u\000e\000s\000t\000r\000a\000\040\000d\000e\000\040\0003\000\040\000b\000\372\000s\000q\000u\000e\000d\000a\000s}{section.3}% 20
\BOOKMARK [1][-]{section.4}{\376\377\000C\000o\000n\000c\000l\000u\000s\000i\000\363\000n}{}% 21
