\BOOKMARK [1][-]{section.1}{\376\377\000I\000n\000t\000r\000o\000d\000u\000c\000c\000i\000\363\000n}{}% 1
\BOOKMARK [1][-]{section.2}{\376\377\000M\000a\000r\000c\000o\000\040\000t\000e\000\363\000r\000i\000c\000o}{}% 2
\BOOKMARK [2][-]{subsection.2.1}{\376\377\000B\000u\000s\000s\000i\000n\000e\000s\000\040\000M\000o\000d\000e\000l\000\040\000C\000a\000n\000v\000a\000s}{section.2}% 3
\BOOKMARK [2][-]{subsection.2.2}{\376\377\000B\000a\000l\000a\000n\000c\000e\000\040\000G\000e\000n\000e\000r\000a\000l\000\040\000d\000e\000\040\000u\000n\000a\000\040\000e\000m\000p\000r\000e\000s\000a}{section.2}% 4
\BOOKMARK [2][-]{subsection.2.3}{\376\377\000G\000e\000s\000t\000i\000\363\000n\000\040\000o\000p\000e\000r\000a\000t\000i\000v\000a\000\040\000e\000n\000\040\000u\000n\000a\000\040\000e\000m\000p\000r\000e\000s\000a}{section.2}% 5
\BOOKMARK [2][-]{subsection.2.4}{\376\377\000M\000a\000r\000k\000e\000t\000i\000n\000g\000\040\000M\000i\000x\000,\000\040\000l\000a\000s\000\040\0004\000\040\000P\000'\000s}{section.2}% 6
\BOOKMARK [2][-]{subsection.2.5}{\376\377\000G\000e\000s\000t\000i\000\363\000n\000\040\000d\000e\000\040\000V\000e\000n\000t\000a\000s}{section.2}% 7
\BOOKMARK [2][-]{subsection.2.6}{\376\377\000G\000e\000s\000t\000i\000\363\000n\000\040\000d\000e\000l\000\040\000s\000e\000r\000v\000i\000c\000i\000o}{section.2}% 8
\BOOKMARK [2][-]{subsection.2.7}{\376\377\000G\000e\000s\000t\000i\000\363\000n\000\040\000d\000e\000l\000\040\000p\000e\000r\000s\000o\000n\000a\000l}{section.2}% 9
\BOOKMARK [1][-]{section.3}{\376\377\000O\000b\000j\000e\000t\000i\000v\000o\000\040\000g\000e\000n\000e\000r\000a\000l}{}% 10
\BOOKMARK [2][-]{subsection.3.1}{\376\377\000O\000b\000j\000e\000t\000i\000v\000o\000s\000\040\000e\000s\000p\000e\000c\000\355\000f\000i\000c\000o\000s}{section.3}% 11
\BOOKMARK [1][-]{section.4}{\376\377\000D\000e\000s\000c\000r\000i\000p\000c\000i\000\363\000n\000\040\000d\000e\000\040\000l\000a\000\040\000e\000m\000p\000r\000e\000s\000a\000:\000\040\000N\000v\000i\000d\000i\000a}{}% 12
\BOOKMARK [2][-]{subsection.4.1}{\376\377\000V\000i\000s\000i\000\363\000n\000:}{section.4}% 13
\BOOKMARK [2][-]{subsection.4.2}{\376\377\000M\000i\000s\000i\000\363\000n\000:}{section.4}% 14
\BOOKMARK [2][-]{subsection.4.3}{\376\377\000V\000a\000l\000o\000r\000e\000s\000:}{section.4}% 15
\BOOKMARK [1][-]{section.5}{\376\377\000A\000n\000\341\000l\000i\000s\000i\000s\000\040\000e\000s\000t\000r\000a\000t\000\351\000g\000i\000c\000o\000:\000\040\000E\000x\000t\000e\000r\000n\000o}{}% 16
\BOOKMARK [1][-]{section.6}{\376\377\0005\000\040\000F\000u\000e\000r\000z\000a\000s\000\040\000d\000e\000\040\000P\000o\000r\000t\000e\000r\000:\000\040\000M\000i\000c\000r\000o\000e\000n\000t\000o\000r\000n\000o}{}% 17
\BOOKMARK [2][-]{subsection.6.1}{\376\377\000R\000i\000v\000a\000l\000i\000d\000a\000d\000\040\000e\000n\000t\000r\000e\000\040\000c\000o\000m\000p\000e\000t\000i\000d\000o\000r\000e\000s}{section.6}% 18
\BOOKMARK [2][-]{subsection.6.2}{\376\377\000P\000o\000d\000e\000r\000\040\000d\000e\000\040\000n\000e\000g\000o\000c\000i\000a\000c\000i\000\363\000n\000\040\000d\000e\000\040\000l\000o\000s\000\040\000p\000r\000o\000v\000e\000e\000d\000o\000r\000e\000s}{section.6}% 19
\BOOKMARK [2][-]{subsection.6.3}{\376\377\000P\000o\000d\000e\000r\000\040\000d\000e\000\040\000n\000e\000g\000o\000c\000i\000a\000c\000i\000\363\000n\000\040\000d\000e\000\040\000l\000o\000s\000\040\000c\000l\000i\000e\000n\000t\000e\000s}{section.6}% 20
\BOOKMARK [2][-]{subsection.6.4}{\376\377\000A\000m\000e\000n\000a\000z\000a\000\040\000d\000e\000\040\000n\000u\000e\000v\000o\000s\000\040\000e\000n\000t\000r\000a\000n\000t\000e\000s}{section.6}% 21
\BOOKMARK [2][-]{subsection.6.5}{\376\377\000A\000m\000e\000n\000a\000z\000a\000\040\000d\000e\000\040\000p\000r\000o\000d\000u\000c\000t\000o\000s\000\040\000s\000u\000s\000t\000i\000t\000u\000t\000o\000s}{section.6}% 22
\BOOKMARK [1][-]{section.7}{\376\377\000A\000n\000\341\000l\000i\000s\000i\000s\000\040\000i\000n\000t\000e\000r\000n\000o}{}% 23
\BOOKMARK [2][-]{subsection.7.1}{\376\377\000C\000a\000d\000e\000n\000a\000\040\000d\000e\000\040\000v\000a\000l\000o\000r\000\040\000d\000e\000\040\000N\000v\000i\000d\000i\000a}{section.7}% 24
\BOOKMARK [1][-]{section.8}{\376\377\000M\000a\000t\000r\000i\000z\000\040\000F\000O\000D\000A}{}% 25
\BOOKMARK [1][-]{section.9}{\376\377\000B\000u\000s\000s\000i\000n\000e\000s\000\040\000M\000o\000d\000e\000l\000\040\000C\000a\000n\000v\000a\000s}{}% 26
\BOOKMARK [1][-]{section.10}{\376\377\000R\000e\000f\000l\000e\000c\000c\000i\000o\000n\000e\000s\000\040\000s\000o\000n\000r\000e\000\040\000e\000l\000\040\000a\000n\000\341\000l\000i\000s\000i\000s\000\040\000i\000n\000t\000e\000r\000n\000o\000\040\000y\000\040\000e\000x\000t\000e\000r\000n\000o}{}% 27
\BOOKMARK [1][-]{section.11}{\376\377\000C\000o\000n\000t\000a\000b\000i\000l\000i\000d\000a\000d\000\040\000f\000i\000n\000a\000n\000c\000i\000e\000r\000a\000\040\000d\000e\000\040\000N\000V\000I\000D\000I\000A}{}% 28
\BOOKMARK [1][-]{section.12}{\376\377\000E\000s\000t\000a\000d\000o\000\040\000d\000e\000\040\000r\000e\000s\000u\000l\000t\000a\000d\000o\000s\000:}{}% 29
\BOOKMARK [1][-]{section.13}{\376\377\000I\000n\000d\000i\000c\000a\000d\000o\000r\000e\000s\000\040\000d\000e\000\040\000l\000a\000\040\000g\000e\000s\000t\000i\000o\000n\000\040\000f\000i\000n\000a\000n\000c\000i\000e\000r\000a}{}% 30
\BOOKMARK [1][-]{section.14}{\376\377\000C\000a\000d\000e\000n\000a\000\040\000d\000e\000\040\000v\000a\000l\000o\000r\000\040\000d\000e\000\040\000M\000c\000K\000i\000n\000s\000e\000y}{}% 31
\BOOKMARK [1][-]{section.15}{\376\377\000P\000l\000a\000n\000i\000f\000i\000c\000a\000c\000i\000\363\000n\000\040\000d\000e\000\040\000l\000a\000\040\000g\000e\000s\000t\000i\000\363\000n\000\040\000o\000p\000e\000r\000a\000t\000i\000v\000a}{}% 32
\BOOKMARK [2][-]{subsection.15.1}{\376\377\000P\000l\000a\000n\000\040\000o\000p\000e\000r\000a\000t\000i\000v\000o\000\040\000a\000n\000u\000a\000l\000\040\000\050\000P\000O\000A\000\051}{section.15}% 33
\BOOKMARK [1][-]{section.16}{\376\377\000M\000o\000n\000i\000t\000o\000r\000i\000o\000\040\000d\000e\000\040\000l\000a\000\040\000g\000e\000s\000t\000i\000\363\000n\000\040\000o\000p\000e\000r\000a\000t\000i\000v\000a}{}% 34
\BOOKMARK [1][-]{section.17}{\376\377\000G\000e\000s\000t\000i\000\363\000n\000\040\000d\000e\000l\000\040\000m\000a\000r\000k\000e\000t\000i\000n\000g}{}% 35
\BOOKMARK [2][-]{subsection.17.1}{\376\377\000P\000r\000o\000d\000u\000c\000t\000o}{section.17}% 36
\BOOKMARK [2][-]{subsection.17.2}{\376\377\000P\000r\000e\000c\000i\000o}{section.17}% 37
\BOOKMARK [2][-]{subsection.17.3}{\376\377\000P\000l\000a\000z\000a}{section.17}% 38
\BOOKMARK [2][-]{subsection.17.4}{\376\377\000P\000r\000o\000m\000o\000c\000i\000\363\000n}{section.17}% 39
\BOOKMARK [1][-]{section.18}{\376\377\000G\000e\000s\000t\000i\000\363\000n\000\040\000d\000e\000\040\000V\000e\000n\000t\000a\000s}{}% 40
\BOOKMARK [1][-]{section.19}{\376\377\000G\000e\000s\000t\000i\000\363\000n\000\040\000d\000e\000l\000\040\000S\000e\000r\000v\000i\000c\000i\000o}{}% 41
\BOOKMARK [1][-]{section.20}{\376\377\000G\000e\000s\000t\000i\000\363\000n\000\040\000d\000e\000l\000\040\000P\000e\000r\000s\000o\000n\000a\000l}{}% 42
\BOOKMARK [1][-]{section.21}{\376\377\000S\000e\000l\000e\000c\000c\000i\000\363\000n\000\040\000d\000e\000l\000\040\000P\000e\000r\000s\000o\000n\000a\000l}{}% 43
\BOOKMARK [2][-]{subsection.21.1}{\376\377\000S\000o\000b\000r\000e\000\040\000l\000a\000\040\000s\000e\000l\000e\000c\000c\000i\000\363\000n\000\040\000d\000e\000l\000\040\000p\000e\000r\000s\000o\000n\000a\000l}{section.21}% 44
\BOOKMARK [1][-]{section.22}{\376\377\000R\000e\000t\000e\000n\000c\000i\000\363\000n\000\040\000d\000e\000l\000\040\000P\000e\000r\000s\000o\000n\000a\000l}{}% 45
\BOOKMARK [2][-]{subsection.22.1}{\376\377\000C\000u\000l\000t\000u\000r\000a\000\040\000d\000e\000\040\000T\000r\000a\000b\000a\000j\000o\000\040\000P\000o\000s\000i\000t\000i\000v\000a}{section.22}% 46
\BOOKMARK [2][-]{subsection.22.2}{\376\377\000D\000e\000s\000a\000r\000r\000o\000l\000l\000o\000\040\000y\000\040\000C\000r\000e\000c\000i\000m\000i\000e\000n\000t\000o\000\040\000P\000r\000o\000f\000e\000s\000i\000o\000n\000a\000l}{section.22}% 47
\BOOKMARK [2][-]{subsection.22.3}{\376\377\000R\000e\000c\000o\000n\000o\000c\000i\000m\000i\000e\000n\000t\000o\000\040\000y\000\040\000R\000e\000c\000o\000m\000p\000e\000n\000s\000a\000s}{section.22}% 48
\BOOKMARK [2][-]{subsection.22.4}{\376\377\000L\000i\000d\000e\000r\000a\000z\000g\000o}{section.22}% 49
\BOOKMARK [2][-]{subsection.22.5}{\376\377\000O\000n\000b\000o\000a\000r\000d\000i\000n\000g}{section.22}% 50
\BOOKMARK [1][-]{section.23}{\376\377\000I\000n\000i\000c\000i\000a\000t\000i\000v\000a\000s\000\040\000d\000e\000\040\000T\000I\000\040\000p\000a\000r\000a\000\040\000o\000p\000t\000i\000m\000i\000z\000a\000r\000\040\000l\000a\000\040\000e\000f\000i\000c\000i\000e\000n\000c\000i\000a\000\040\000e\000n\000\040\000N\000V\000I\000D\000I\000A}{}% 51
\BOOKMARK [1][-]{section.24}{\376\377\000G\000e\000s\000t\000i\000\363\000n\000\040\000d\000e\000\040\000I\000n\000v\000e\000s\000t\000i\000g\000a\000c\000i\000\363\000n\000\040\000y\000\040\000D\000e\000s\000a\000r\000r\000o\000l\000l\000o\000\040\000\050\000I\000\040\000+\000\040\000D\000\051}{}% 52
\BOOKMARK [1][-]{section.25}{\376\377\000G\000o\000b\000i\000e\000r\000n\000o\000\040\000c\000o\000r\000p\000o\000r\000a\000t\000i\000v\000o}{}% 53
\BOOKMARK [2][-]{subsection.25.1}{\376\377\000\311\000t\000i\000c\000a\000\040\000E\000m\000p\000r\000e\000s\000a\000r\000i\000a\000l}{section.25}% 54
\BOOKMARK [2][-]{subsection.25.2}{\376\377\000C\000o\000n\000t\000r\000o\000l\000\040\000I\000n\000t\000e\000r\000n\000o\000\040\000y\000\040\000G\000e\000s\000t\000i\000\363\000n\000\040\000d\000e\000\040\000R\000i\000e\000s\000g\000o\000s}{section.25}% 55
\BOOKMARK [2][-]{subsection.25.3}{\376\377\000R\000e\000s\000p\000o\000n\000s\000a\000b\000i\000l\000i\000d\000a\000d\000\040\000S\000o\000c\000i\000a\000l\000\040\000E\000m\000p\000r\000e\000s\000a\000r\000i\000a\000l\000\040\000\050\000R\000S\000E\000\051}{section.25}% 56
\BOOKMARK [2][-]{subsection.25.4}{\376\377\000P\000r\000\341\000c\000t\000i\000c\000a\000s\000\040\000F\000u\000n\000d\000a\000m\000e\000n\000t\000a\000l\000e\000s\000\040\000p\000a\000r\000a\000\040\000e\000l\000\040\000B\000u\000e\000n\000\040\000F\000u\000n\000c\000i\000o\000n\000a\000m\000i\000e\000n\000t\000o\000\040\000d\000e\000\040\000l\000a\000\040\000E\000m\000p\000r\000e\000s\000a}{section.25}% 57
\BOOKMARK [1][-]{section.26}{\376\377\000C\000o\000n\000c\000l\000u\000s\000i\000o\000n\000e\000s\000\040\000y\000\040\000r\000e\000c\000o\000m\000e\000n\000d\000a\000c\000i\000o\000n\000e\000s}{}% 58
\BOOKMARK [2][-]{subsection.26.1}{\376\377\000C\000o\000n\000c\000l\000u\000s\000i\000o\000n\000e\000s}{section.26}% 59
\BOOKMARK [2][-]{subsection.26.2}{\376\377\000R\000e\000c\000o\000m\000e\000n\000d\000a\000c\000i\000o\000n\000e\000s}{section.26}% 60
