\BOOKMARK [1][-]{section*.1}{}{}% 1
\BOOKMARK [1][-]{section.1}{\376\377\000R\000e\000s\000u\000m\000e\000n}{}% 2
\BOOKMARK [1][-]{section.2}{\376\377\000A\000b\000s\000t\000r\000a\000c\000t}{}% 3
\BOOKMARK [1][-]{section.3}{\376\377\000I\000n\000t\000r\000o\000d\000u\000c\000c\000i\000\363\000n}{}% 4
\BOOKMARK [1][-]{section.4}{\376\377\000D\000e\000s\000c\000r\000i\000p\000c\000i\000\363\000n\000\040\000G\000e\000n\000e\000r\000a\000l}{}% 5
\BOOKMARK [1][-]{section.5}{\376\377\000O\000b\000j\000e\000t\000i\000v\000o\000s\000\040\000E\000s\000p\000e\000c\000\355\000f\000i\000c\000o\000s}{}% 6
\BOOKMARK [1][-]{section.6}{\376\377\000A\000l\000c\000a\000n\000c\000e\000\040\000d\000e\000l\000\040\000P\000r\000o\000y\000e\000c\000t\000o}{}% 7
\BOOKMARK [1][-]{section.7}{\376\377\000L\000i\000m\000i\000t\000a\000c\000i\000o\000n\000e\000s}{}% 8
\BOOKMARK [1][-]{section.8}{\376\377\000E\000s\000t\000r\000u\000c\000t\000u\000r\000a\000\040\000d\000e\000l\000\040\000P\000r\000o\000y\000e\000c\000t\000o}{}% 9
\BOOKMARK [1][-]{section.9}{\376\377\000M\000a\000t\000e\000r\000i\000a\000l\000e\000s\000\040\000y\000\040\000M\000\351\000t\000o\000d\000o\000s}{}% 10
\BOOKMARK [2][-]{subsection.9.1}{\376\377\000M\000a\000t\000e\000r\000i\000a\000l\000e\000s\000\040\000d\000e\000\040\000S\000o\000p\000o\000r\000t\000e\000\040\000y\000\040\000E\000s\000t\000r\000u\000c\000t\000u\000r\000a}{section.9}% 11
\BOOKMARK [2][-]{subsection.9.2}{\376\377\000H\000e\000r\000r\000a\000m\000i\000e\000n\000t\000a\000s\000\040\000U\000t\000i\000l\000i\000z\000a\000d\000a\000s}{section.9}% 12
\BOOKMARK [1][-]{section.10}{\376\377\000P\000r\000o\000t\000o\000t\000i\000p\000o}{}% 13
\BOOKMARK [2][-]{subsection.10.1}{\376\377\000M\000a\000t\000e\000r\000i\000a\000l\000e\000s\000:}{section.10}% 14
\BOOKMARK [2][-]{subsection.10.2}{\376\377\000C\000o\000n\000s\000t\000r\000u\000c\000c\000i\000\363\000n\000\040\000d\000e\000l\000\040\000p\000r\000o\000t\000o\000t\000i\000p\000o}{section.10}% 15
\BOOKMARK [2][-]{subsection.10.3}{\376\377\000P\000r\000u\000e\000b\000a\000s}{section.10}% 16
\BOOKMARK [1][-]{section.11}{\376\377\000P\000r\000o\000d\000u\000c\000t\000o}{}% 17
\BOOKMARK [1][-]{section.12}{\376\377\000R\000e\000s\000u\000l\000t\000a\000d\000o\000s}{}% 18
\BOOKMARK [1][-]{section.13}{\376\377\000D\000i\000s\000c\000u\000s\000i\000\363\000n}{}% 19
\BOOKMARK [1][-]{section.14}{\376\377\000C\000o\000n\000c\000l\000u\000s\000i\000o\000n\000e\000s}{}% 20
\BOOKMARK [1][-]{section.14}{\376\377\000R\000e\000f\000e\000r\000e\000n\000c\000i\000a\000s}{}% 21
